<?xml version="1.0" encoding="UTF-8"?>
<testng-results skipped="0" failed="0" ignored="0" total="2" passed="2">
  <reporter-output>
  </reporter-output>
  <suite name="SampleSuite2" duration-ms="40218" started-at="2021-09-17T12:22:38 IST" finished-at="2021-09-17T12:23:19 IST">
    <groups>
    </groups>
    <test name="SampleTest" duration-ms="17242" started-at="2021-09-17T12:22:38 IST" finished-at="2021-09-17T12:22:56 IST">
      <class name="com.picnic.CrossBrowserScript">
        <test-method status="PASS" signature="setup(java.lang.String)[pri:0, instance:com.picnic.CrossBrowserScript@72825400]" name="setup" is-config="true" duration-ms="3561" started-at="2021-09-17T12:22:38 IST" finished-at="2021-09-17T12:22:42 IST">
          <params>
            <param index="0">
              <value>
                <![CDATA[Chrome]]>
              </value>
            </param>
          </params>
          <reporter-output>
          </reporter-output>
        </test-method> <!-- setup -->
        <test-method status="PASS" signature="testParameterWithXML()[pri:0, instance:com.picnic.CrossBrowserScript@72825400]" name="testParameterWithXML" duration-ms="13628" started-at="2021-09-17T12:22:42 IST" finished-at="2021-09-17T12:22:56 IST">
          <reporter-output>
          </reporter-output>
        </test-method> <!-- testParameterWithXML -->
      </class> <!-- com.picnic.CrossBrowserScript -->
    </test> <!-- SampleTest -->
    <test name="Sample2Test" duration-ms="22918" started-at="2021-09-17T12:22:56 IST" finished-at="2021-09-17T12:23:19 IST">
      <class name="com.picnic.CrossBrowserScript">
        <test-method status="PASS" signature="setup(java.lang.String)[pri:0, instance:com.picnic.CrossBrowserScript@e042c99]" name="setup" is-config="true" duration-ms="6652" started-at="2021-09-17T12:22:56 IST" finished-at="2021-09-17T12:23:02 IST">
          <params>
            <param index="0">
              <value>
                <![CDATA[Firefox]]>
              </value>
            </param>
          </params>
          <reporter-output>
          </reporter-output>
        </test-method> <!-- setup -->
        <test-method status="PASS" signature="testParameterWithXML()[pri:0, instance:com.picnic.CrossBrowserScript@e042c99]" name="testParameterWithXML" duration-ms="16265" started-at="2021-09-17T12:23:02 IST" finished-at="2021-09-17T12:23:19 IST">
          <reporter-output>
          </reporter-output>
        </test-method> <!-- testParameterWithXML -->
      </class> <!-- com.picnic.CrossBrowserScript -->
    </test> <!-- Sample2Test -->
  </suite> <!-- SampleSuite2 -->
</testng-results>
