<?xml version="1.0" encoding="UTF-8"?>
<testng-results skipped="0" failed="0" ignored="0" total="1" passed="1">
  <reporter-output>
  </reporter-output>
  <suite name="Default suite" duration-ms="23636" started-at="2021-09-17T12:21:40 IST" finished-at="2021-09-17T12:22:04 IST">
    <groups>
    </groups>
    <test name="Default test" duration-ms="23636" started-at="2021-09-17T12:21:40 IST" finished-at="2021-09-17T12:22:04 IST">
      <class name="com.picnic.CrossBrowserScript">
        <test-method status="PASS" signature="setup(java.lang.String)[pri:0, instance:com.picnic.CrossBrowserScript@4923ab24]" name="setup" is-config="true" duration-ms="8642" started-at="2021-09-17T12:21:40 IST" finished-at="2021-09-17T12:21:49 IST">
          <params>
            <param index="0">
              <value>
                <![CDATA[Firefox]]>
              </value>
            </param>
          </params>
          <reporter-output>
          </reporter-output>
        </test-method> <!-- setup -->
        <test-method status="PASS" signature="testParameterWithXML()[pri:0, instance:com.picnic.CrossBrowserScript@4923ab24]" name="testParameterWithXML" duration-ms="14921" started-at="2021-09-17T12:21:49 IST" finished-at="2021-09-17T12:22:04 IST">
          <reporter-output>
          </reporter-output>
        </test-method> <!-- testParameterWithXML -->
      </class> <!-- com.picnic.CrossBrowserScript -->
    </test> <!-- Default test -->
  </suite> <!-- Default suite -->
</testng-results>
